[INFO][server.go:39] 2023/04/15 15:48:28 start listen
[INFO][server.go:52] 2023/04/15 15:48:42 shutting down...
[INFO][echo.go:64] 2023/04/15 15:48:42 handler shutting down
[INFO][server.go:39] 2023/04/15 21:59:37 start listen
[INFO][server.go:72] 2023/04/15 21:59:57 accept link
[INFO][echo_database.go:22] 2023/04/15 22:03:23 EchoDatabase AfterClientClose
[INFO][handler.go:60] 2023/04/15 22:03:23 connection closed: 127.0.0.1:54542
[INFO][server.go:72] 2023/04/15 22:03:35 accept link
[INFO][echo_database.go:22] 2023/04/15 22:03:40 EchoDatabase AfterClientClose
[INFO][handler.go:60] 2023/04/15 22:03:40 connection closed: 127.0.0.1:54814
[INFO][server.go:72] 2023/04/15 22:05:29 accept link
[INFO][server.go:52] 2023/04/15 22:07:24 shutting down...
[INFO][handler.go:93] 2023/04/15 22:07:24 handler shutting down...
[INFO][echo_database.go:26] 2023/04/15 22:07:24 EchoDatabase Close
[INFO][echo_database.go:22] 2023/04/15 22:07:24 EchoDatabase AfterClientClose
[INFO][handler.go:60] 2023/04/15 22:07:24 connection closed: 127.0.0.1:55351
[INFO][handler.go:93] 2023/04/15 22:07:24 handler shutting down...
[INFO][echo_database.go:26] 2023/04/15 22:07:24 EchoDatabase Close
[INFO][server.go:39] 2023/04/15 22:07:26 start listen
[INFO][server.go:72] 2023/04/15 22:07:30 accept link
[INFO][server.go:52] 2023/04/15 22:09:26 shutting down...
[INFO][handler.go:93] 2023/04/15 22:09:26 handler shutting down...
[INFO][echo_database.go:21] 2023/04/15 22:09:26 EchoDatabase AfterClientClose
[INFO][handler.go:60] 2023/04/15 22:09:26 connection closed: 127.0.0.1:55584
[INFO][echo_database.go:25] 2023/04/15 22:09:26 EchoDatabase Close
[INFO][handler.go:93] 2023/04/15 22:09:26 handler shutting down...
[INFO][echo_database.go:25] 2023/04/15 22:09:26 EchoDatabase Close
[INFO][server.go:39] 2023/04/15 22:09:27 start listen
[INFO][server.go:72] 2023/04/15 22:09:30 accept link
[INFO][server.go:52] 2023/04/15 22:10:00 shutting down...
[INFO][handler.go:93] 2023/04/15 22:10:00 handler shutting down...
[INFO][echo_database.go:21] 2023/04/15 22:10:00 EchoDatabase AfterClientClose
[INFO][handler.go:60] 2023/04/15 22:10:00 connection closed: 127.0.0.1:55852
[INFO][handler.go:93] 2023/04/15 22:10:00 handler shutting down...
[INFO][echo_database.go:25] 2023/04/15 22:10:00 EchoDatabase Close
[INFO][server.go:39] 2023/04/15 22:10:00 start listen
[INFO][server.go:72] 2023/04/15 22:10:08 accept link
[INFO][server.go:52] 2023/04/15 22:11:11 shutting down...
[INFO][handler.go:93] 2023/04/15 22:11:11 handler shutting down...
[INFO][echo_database.go:25] 2023/04/15 22:11:11 EchoDatabase Close
[INFO][echo_database.go:21] 2023/04/15 22:11:11 EchoDatabase AfterClientClose
[INFO][handler.go:60] 2023/04/15 22:11:11 connection closed: 127.0.0.1:55940
[INFO][handler.go:93] 2023/04/15 22:11:11 handler shutting down...
[INFO][echo_database.go:25] 2023/04/15 22:11:11 EchoDatabase Close
[INFO][server.go:39] 2023/04/15 22:11:12 start listen
[INFO][server.go:72] 2023/04/15 22:11:16 accept link
[INFO][server.go:52] 2023/04/15 22:11:36 shutting down...
[INFO][handler.go:93] 2023/04/15 22:11:36 handler shutting down...
[INFO][echo_database.go:21] 2023/04/15 22:11:36 EchoDatabase AfterClientClose
[INFO][handler.go:60] 2023/04/15 22:11:36 connection closed: 127.0.0.1:56120
[INFO][handler.go:93] 2023/04/15 22:11:36 handler shutting down...
[INFO][echo_database.go:25] 2023/04/15 22:11:36 EchoDatabase Close
[INFO][server.go:39] 2023/04/15 22:11:37 start listen
[INFO][server.go:72] 2023/04/15 22:11:40 accept link
[INFO][server.go:52] 2023/04/15 22:12:10 shutting down...
[INFO][handler.go:93] 2023/04/15 22:12:10 handler shutting down...
[INFO][echo_database.go:25] 2023/04/15 22:12:10 EchoDatabase Close
[INFO][echo_database.go:21] 2023/04/15 22:12:10 EchoDatabase AfterClientClose
[INFO][handler.go:60] 2023/04/15 22:12:10 connection closed: 127.0.0.1:56152
[INFO][handler.go:93] 2023/04/15 22:12:10 handler shutting down...
[INFO][echo_database.go:25] 2023/04/15 22:12:10 EchoDatabase Close
[INFO][server.go:39] 2023/04/15 22:12:11 start listen
[INFO][server.go:72] 2023/04/15 22:12:13 accept link
[INFO][server.go:52] 2023/04/15 22:12:49 shutting down...
[INFO][handler.go:93] 2023/04/15 22:12:49 handler shutting down...
[INFO][echo_database.go:25] 2023/04/15 22:12:49 EchoDatabase Close
[INFO][echo_database.go:21] 2023/04/15 22:12:49 EchoDatabase AfterClientClose
[INFO][handler.go:60] 2023/04/15 22:12:49 connection closed: 127.0.0.1:56193
[INFO][handler.go:93] 2023/04/15 22:12:49 handler shutting down...
[INFO][echo_database.go:25] 2023/04/15 22:12:49 EchoDatabase Close
[INFO][server.go:39] 2023/04/15 22:12:49 start listen
[INFO][server.go:72] 2023/04/15 22:12:51 accept link
[INFO][server.go:52] 2023/04/15 22:13:28 shutting down...
[INFO][handler.go:93] 2023/04/15 22:13:28 handler shutting down...
[INFO][echo_database.go:25] 2023/04/15 22:13:28 EchoDatabase Close
[INFO][echo_database.go:21] 2023/04/15 22:13:28 EchoDatabase AfterClientClose
[INFO][handler.go:60] 2023/04/15 22:13:28 connection closed: 127.0.0.1:56245
[INFO][handler.go:93] 2023/04/15 22:13:28 handler shutting down...
[INFO][echo_database.go:25] 2023/04/15 22:13:28 EchoDatabase Close
[INFO][server.go:39] 2023/04/15 22:13:29 start listen
[INFO][server.go:72] 2023/04/15 22:13:32 accept link
[INFO][server.go:52] 2023/04/15 22:13:55 shutting down...
[INFO][handler.go:93] 2023/04/15 22:13:55 handler shutting down...
[INFO][echo_database.go:21] 2023/04/15 22:13:55 EchoDatabase AfterClientClose
[INFO][handler.go:60] 2023/04/15 22:13:55 connection closed: 127.0.0.1:56375
[INFO][echo_database.go:25] 2023/04/15 22:13:55 EchoDatabase Close
[INFO][handler.go:93] 2023/04/15 22:13:55 handler shutting down...
[INFO][echo_database.go:25] 2023/04/15 22:13:55 EchoDatabase Close
[INFO][server.go:39] 2023/04/15 22:13:56 start listen
[INFO][server.go:72] 2023/04/15 22:13:58 accept link
[INFO][server.go:52] 2023/04/15 22:15:12 shutting down...
[INFO][handler.go:93] 2023/04/15 22:15:12 handler shutting down...
[INFO][echo_database.go:25] 2023/04/15 22:15:12 EchoDatabase Close
[INFO][echo_database.go:21] 2023/04/15 22:15:12 EchoDatabase AfterClientClose
[INFO][handler.go:60] 2023/04/15 22:15:12 connection closed: 127.0.0.1:56449
[INFO][handler.go:93] 2023/04/15 22:15:12 handler shutting down...
[INFO][echo_database.go:25] 2023/04/15 22:15:12 EchoDatabase Close
[INFO][server.go:39] 2023/04/15 22:15:13 start listen
[INFO][server.go:72] 2023/04/15 22:15:40 accept link
[INFO][server.go:52] 2023/04/15 22:22:31 shutting down...
[INFO][handler.go:93] 2023/04/15 22:22:31 handler shutting down...
[INFO][echo_database.go:25] 2023/04/15 22:22:31 EchoDatabase Close
[INFO][echo_database.go:21] 2023/04/15 22:22:31 EchoDatabase AfterClientClose
[INFO][handler.go:60] 2023/04/15 22:22:31 connection closed: 127.0.0.1:56639
[INFO][handler.go:93] 2023/04/15 22:22:31 handler shutting down...
[INFO][echo_database.go:25] 2023/04/15 22:22:31 EchoDatabase Close
[INFO][server.go:39] 2023/04/15 22:22:32 start listen
[INFO][server.go:72] 2023/04/15 22:24:37 accept link
[INFO][echo_database.go:21] 2023/04/15 22:29:21 EchoDatabase AfterClientClose
[INFO][handler.go:60] 2023/04/15 22:29:21 connection closed: 127.0.0.1:57905
[INFO][server.go:72] 2023/04/15 22:32:55 accept link
[ERROR][handler.go:79] 2023/04/15 22:33:04 require multi bulk reply
[INFO][server.go:52] 2023/04/15 22:34:31 shutting down...
[INFO][handler.go:93] 2023/04/15 22:34:31 handler shutting down...
[INFO][echo_database.go:25] 2023/04/15 22:34:31 EchoDatabase Close
[INFO][echo_database.go:21] 2023/04/15 22:34:31 EchoDatabase AfterClientClose
[INFO][handler.go:60] 2023/04/15 22:34:31 connection closed: 127.0.0.1:59161
[INFO][handler.go:93] 2023/04/15 22:34:31 handler shutting down...
[INFO][echo_database.go:25] 2023/04/15 22:34:31 EchoDatabase Close
[INFO][server.go:39] 2023/04/15 22:34:34 start listen
[INFO][server.go:72] 2023/04/15 22:34:39 accept link
[ERROR][handler.go:79] 2023/04/15 22:34:42 require multi bulk reply
[INFO][server.go:52] 2023/04/15 22:35:02 shutting down...
[INFO][handler.go:93] 2023/04/15 22:35:02 handler shutting down...
[INFO][echo_database.go:25] 2023/04/15 22:35:02 EchoDatabase Close
[INFO][echo_database.go:21] 2023/04/15 22:35:02 EchoDatabase AfterClientClose
[INFO][handler.go:60] 2023/04/15 22:35:02 connection closed: 127.0.0.1:59361
[INFO][handler.go:93] 2023/04/15 22:35:02 handler shutting down...
[INFO][echo_database.go:25] 2023/04/15 22:35:02 EchoDatabase Close
[INFO][server.go:39] 2023/04/15 22:35:03 start listen
[INFO][server.go:72] 2023/04/15 22:35:06 accept link
[ERROR][handler.go:79] 2023/04/15 22:35:49 require multi bulk reply
[INFO][server.go:52] 2023/04/15 22:35:49 shutting down...
[INFO][handler.go:93] 2023/04/15 22:35:49 handler shutting down...
[INFO][echo_database.go:25] 2023/04/15 22:35:49 EchoDatabase Close
[INFO][echo_database.go:21] 2023/04/15 22:35:49 EchoDatabase AfterClientClose
[INFO][handler.go:60] 2023/04/15 22:35:49 connection closed: 127.0.0.1:59441
[INFO][handler.go:93] 2023/04/15 22:35:49 handler shutting down...
[INFO][echo_database.go:25] 2023/04/15 22:35:49 EchoDatabase Close
[INFO][server.go:39] 2023/04/15 22:35:49 start listen
[INFO][server.go:72] 2023/04/15 22:36:50 accept link
[INFO][server.go:52] 2023/04/15 22:37:31 shutting down...
[INFO][handler.go:93] 2023/04/15 22:37:31 handler shutting down...
[INFO][echo_database.go:25] 2023/04/15 22:37:31 EchoDatabase Close
[INFO][echo_database.go:21] 2023/04/15 22:37:31 EchoDatabase AfterClientClose
[INFO][handler.go:60] 2023/04/15 22:37:31 connection closed: 127.0.0.1:59652
[INFO][handler.go:93] 2023/04/15 22:37:31 handler shutting down...
[INFO][echo_database.go:25] 2023/04/15 22:37:31 EchoDatabase Close
[INFO][server.go:39] 2023/04/15 22:37:32 start listen
[INFO][server.go:72] 2023/04/15 22:37:34 accept link
[INFO][server.go:52] 2023/04/15 22:37:50 shutting down...
[INFO][handler.go:93] 2023/04/15 22:37:50 handler shutting down...
[INFO][echo_database.go:21] 2023/04/15 22:37:50 EchoDatabase AfterClientClose
[INFO][handler.go:60] 2023/04/15 22:37:50 connection closed: 127.0.0.1:59732
[INFO][handler.go:93] 2023/04/15 22:37:50 handler shutting down...
[INFO][echo_database.go:25] 2023/04/15 22:37:50 EchoDatabase Close
[INFO][server.go:39] 2023/04/15 22:37:50 start listen
[INFO][server.go:72] 2023/04/15 22:37:53 accept link
[ERROR][handler.go:74] 2023/04/15 22:39:30 empty payload
[INFO][server.go:52] 2023/04/15 22:39:30 shutting down...
[INFO][handler.go:93] 2023/04/15 22:39:30 handler shutting down...
[INFO][echo_database.go:25] 2023/04/15 22:39:30 EchoDatabase Close
[INFO][echo_database.go:21] 2023/04/15 22:39:30 EchoDatabase AfterClientClose
[INFO][handler.go:60] 2023/04/15 22:39:30 connection closed: 127.0.0.1:59777
[INFO][handler.go:93] 2023/04/15 22:39:30 handler shutting down...
[INFO][echo_database.go:25] 2023/04/15 22:39:30 EchoDatabase Close
[INFO][server.go:39] 2023/04/15 22:39:31 start listen
[INFO][server.go:72] 2023/04/15 22:39:40 accept link
[ERROR][handler.go:79] 2023/04/15 22:39:44 require multi bulk reply
[INFO][server.go:52] 2023/04/16 12:59:32 shutting down...
[INFO][handler.go:93] 2023/04/16 12:59:32 handler shutting down...
[INFO][echo_database.go:25] 2023/04/16 12:59:32 EchoDatabase Close
[INFO][echo_database.go:21] 2023/04/16 12:59:32 EchoDatabase AfterClientClose
[INFO][handler.go:60] 2023/04/16 12:59:32 connection closed: 127.0.0.1:60126
[INFO][handler.go:93] 2023/04/16 12:59:32 handler shutting down...
[INFO][echo_database.go:25] 2023/04/16 12:59:32 EchoDatabase Close
